\BOOKMARK [0][-]{chapter.1}{Zusammenfassung/Abstract}{}% 1
\BOOKMARK [1][-]{section.1.1}{Zusammenfassung}{chapter.1}% 2
\BOOKMARK [1][-]{section.1.2}{Abstract}{chapter.1}% 3
\BOOKMARK [0][-]{chapter.2}{Nomenklatur}{}% 4
\BOOKMARK [1][-]{section.2.1}{Formelzeichen}{chapter.2}% 5
\BOOKMARK [1][-]{section.2.2}{Indizes}{chapter.2}% 6
\BOOKMARK [0][-]{chapter.1}{Einleitung}{}% 7
\BOOKMARK [1][-]{section.1.1}{Zielsetzung}{chapter.1}% 8
\BOOKMARK [0][-]{chapter.2}{Ein Kapitel}{}% 9
\BOOKMARK [1][-]{section.2.1}{Section}{chapter.2}% 10
\BOOKMARK [2][-]{subsection.2.1.1}{Subsection}{section.2.1}% 11
\BOOKMARK [1][-]{section.2.2}{Section2}{chapter.2}% 12
\BOOKMARK [0][-]{chapter.3}{Ein anderes Kapitel}{}% 13
\BOOKMARK [1][-]{section.3.1}{Section}{chapter.3}% 14
\BOOKMARK [2][-]{subsection.3.1.1}{Subsection}{section.3.1}% 15
\BOOKMARK [1][-]{section.3.2}{Section2}{chapter.3}% 16
\BOOKMARK [0][-]{chapter.4}{Ein neues Kapitel}{}% 17
\BOOKMARK [1][-]{section.4.1}{Section}{chapter.4}% 18
\BOOKMARK [2][-]{subsection.4.1.1}{Subsection}{section.4.1}% 19
\BOOKMARK [1][-]{section.4.2}{Section2}{chapter.4}% 20
\BOOKMARK [0][-]{chapter.5}{Ein neues Kapitel}{}% 21
\BOOKMARK [1][-]{section.5.1}{Section}{chapter.5}% 22
\BOOKMARK [2][-]{subsection.5.1.1}{Subsection}{section.5.1}% 23
\BOOKMARK [1][-]{section.5.2}{Section2}{chapter.5}% 24
\BOOKMARK [0][-]{chapter.6}{Fazit}{}% 25
\BOOKMARK [0][-]{chapter.3}{Abbildungsverzeichnis}{}% 26
\BOOKMARK [0][-]{chapter.4}{Tabellenverzeichnis}{}% 27
\BOOKMARK [0][-]{chapter.5}{Anhang}{}% 28
\BOOKMARK [1][-]{section.5.1}{Section}{chapter.5}% 29
\BOOKMARK [2][-]{subsection.5.1.1}{Subsection}{section.5.1}% 30
